
**** Clean-only build of configuration Debug for project UART1_module ****

"C:\\Program Files (x86)\\ccsv6\\utils\\bin\\gmake" -k clean 
gmake: *** No rule to make target `clean'.

**** Build Finished ****

**** Build of configuration Debug for project UART1_module ****

"C:\\Program Files (x86)\\ccsv6\\utils\\bin\\gmake" -k all 
'Building file: ../main.c'
'Invoking: ARM Compiler'
"C:/Program Files (x86)/ccsv6/tools/compiler/arm_5.1.6/bin/armcl" -mv7M4 --code_state=16 --float_support=FPv4SPD16 --abi=eabi -me --include_path="C:/Program Files (x86)/ccsv6/tools/compiler/arm_5.1.6/include" -g --gcc --define=ccs="ccs" --define=PART_TM4C123GH6PM --display_error_number --diag_warning=225 --diag_wrap=off --preproc_with_compile --preproc_dependency="main.pp"  "../main.c"
"../main.c", line 3: fatal error #1965: cannot open source file "inc/hw_memmap.h"

1 catastrophic error detected in the compilation of "../main.c".
>> Compilation failure
Compilation terminated.
gmake: *** [main.obj] Error 1
'Building file: ../tm4c123gh6pm_startup_ccs.c'
'Invoking: ARM Compiler'
"C:/Program Files (x86)/ccsv6/tools/compiler/arm_5.1.6/bin/armcl" -mv7M4 --code_state=16 --float_support=FPv4SPD16 --abi=eabi -me --include_path="C:/Program Files (x86)/ccsv6/tools/compiler/arm_5.1.6/include" -g --gcc --define=ccs="ccs" --define=PART_TM4C123GH6PM --display_error_number --diag_warning=225 --diag_wrap=off --preproc_with_compile --preproc_dependency="tm4c123gh6pm_startup_ccs.pp"  "../tm4c123gh6pm_startup_ccs.c"
"../tm4c123gh6pm_startup_ccs.c", line 92: warning #145-D: a value of type "int (*)(void)" cannot be used to initialize an entity of type "void (*const)(void)"
'Finished building: ../tm4c123gh6pm_startup_ccs.c'
' '
gmake: Target `all' not remade because of errors.

**** Build Finished ****

**** Clean-only build of configuration Debug for project UART1_module ****

"C:\\Program Files (x86)\\ccsv6\\utils\\bin\\gmake" -k clean 
DEL /F  "UART1_module.out"  "UART1_module.hex" 
Could Not Find C:\TM4C123G_LaunchPad_Workspace\UART1_module\Debug\UART1_module.out
DEL /F "main.pp" "tm4c123gh6pm_startup_ccs.pp" 
DEL /F "main.obj" "tm4c123gh6pm_startup_ccs.obj" 
'Finished clean'
' '

**** Build Finished ****

**** Clean-only build of configuration Debug for project UART1_module ****

"C:\\Program Files (x86)\\ccsv6\\utils\\bin\\gmake" -k clean 
DEL /F  "UART1_module.out"  "UART1_module.hex" 
Could Not Find C:\TM4C123G_LaunchPad_Workspace\UART1_module\Debug\UART1_module.out
DEL /F "main.pp" "tm4c123gh6pm_startup_ccs.pp" 
Could Not Find C:\TM4C123G_LaunchPad_Workspace\UART1_module\Debug\main.pp
DEL /F "main.obj" "tm4c123gh6pm_startup_ccs.obj" 
Could Not Find C:\TM4C123G_LaunchPad_Workspace\UART1_module\Debug\main.obj
'Finished clean'
' '

**** Build Finished ****

**** Build of configuration Debug for project UART1_module ****

"C:\\Program Files (x86)\\ccsv6\\utils\\bin\\gmake" -k all 
'Building file: ../main.c'
'Invoking: ARM Compiler'
"C:/Program Files (x86)/ccsv6/tools/compiler/arm_5.1.6/bin/armcl" -mv7M4 --code_state=16 --float_support=FPv4SPD16 --abi=eabi -me --include_path="C:/Program Files (x86)/ccsv6/tools/compiler/arm_5.1.6/include" --include_path="C:/ti/TivaWare_C_Series-2.1.1.71" -g --gcc --define=ccs="ccs" --define=PART_TM4C123GH6PM --display_error_number --diag_warning=225 --diag_wrap=off --preproc_with_compile --preproc_dependency="main.pp"  "../main.c"
'Finished building: ../main.c'
' '
'Building file: ../tm4c123gh6pm_startup_ccs.c'
'Invoking: ARM Compiler'
"C:/Program Files (x86)/ccsv6/tools/compiler/arm_5.1.6/bin/armcl" -mv7M4 --code_state=16 --float_support=FPv4SPD16 --abi=eabi -me --include_path="C:/Program Files (x86)/ccsv6/tools/compiler/arm_5.1.6/include" --include_path="C:/ti/TivaWare_C_Series-2.1.1.71" -g --gcc --define=ccs="ccs" --define=PART_TM4C123GH6PM --display_error_number --diag_warning=225 --diag_wrap=off --preproc_with_compile --preproc_dependency="tm4c123gh6pm_startup_ccs.pp"  "../tm4c123gh6pm_startup_ccs.c"
"../tm4c123gh6pm_startup_ccs.c", line 92: warning #145-D: a value of type "int (*)(void)" cannot be used to initialize an entity of type "void (*const)(void)"
'Finished building: ../tm4c123gh6pm_startup_ccs.c'
' '
'Building target: UART1_module.out'
'Invoking: ARM Linker'
"C:/Program Files (x86)/ccsv6/tools/compiler/arm_5.1.6/bin/armcl" -mv7M4 --code_state=16 --float_support=FPv4SPD16 --abi=eabi -me -g --gcc --define=ccs="ccs" --define=PART_TM4C123GH6PM --display_error_number --diag_warning=225 --diag_wrap=off -z -m"UART1_module.map" --heap_size=0 --stack_size=512 -i"C:/Program Files (x86)/ccsv6/tools/compiler/arm_5.1.6/lib" -i"C:/Program Files (x86)/ccsv6/tools/compiler/arm_5.1.6/include" --reread_libs --warn_sections --display_error_number --diag_wrap=off --xml_link_info="UART1_module_linkInfo.xml" --rom_model -o "UART1_module.out"  "./main.obj" "./tm4c123gh6pm_startup_ccs.obj" "C:/ti/TivaWare_C_Series-2.1.1.71/driverlib/ccs/Debug/driverlib.lib" "../tm4c123gh6pm.cmd" -l"libc.a" 
<Linking>

 undefined       first referenced
  symbol             in file     
 ---------       ----------------
 UARTStdioConfig ./main.obj      
 UARTprintf      ./main.obj      

error #10234-D: unresolved symbols remain

error #10010: errors encountered during linking; "UART1_module.out" not built
>> Compilation failure
gmake: *** [UART1_module.out] Error 1
gmake: Target `all' not remade because of errors.

**** Build Finished ****

**** Clean-only build of configuration Debug for project UART1_module ****

"C:\\Program Files (x86)\\ccsv6\\utils\\bin\\gmake" -k clean 
DEL /F  "UART1_module.out"  "UART1_module.hex" 
Could Not Find C:\TM4C123G_LaunchPad_Workspace\UART1_module\Debug\UART1_module.out
DEL /F "main.pp" "tm4c123gh6pm_startup_ccs.pp" 
DEL /F "main.obj" "tm4c123gh6pm_startup_ccs.obj" 
'Finished clean'
' '

**** Build Finished ****

**** Build of configuration Debug for project UART1_module ****

"C:\\Program Files (x86)\\ccsv6\\utils\\bin\\gmake" -k all 
'Building file: ../main.c'
'Invoking: ARM Compiler'
"C:/Program Files (x86)/ccsv6/tools/compiler/arm_5.1.6/bin/armcl" -mv7M4 --code_state=16 --float_support=FPv4SPD16 --abi=eabi -me --include_path="C:/Program Files (x86)/ccsv6/tools/compiler/arm_5.1.6/include" --include_path="C:/ti/TivaWare_C_Series-2.1.1.71" -g --gcc --define=ccs="ccs" --define=PART_TM4C123GH6PM --display_error_number --diag_warning=225 --diag_wrap=off --preproc_with_compile --preproc_dependency="main.pp"  "../main.c"
'Finished building: ../main.c'
' '
'Building file: ../tm4c123gh6pm_startup_ccs.c'
'Invoking: ARM Compiler'
"C:/Program Files (x86)/ccsv6/tools/compiler/arm_5.1.6/bin/armcl" -mv7M4 --code_state=16 --float_support=FPv4SPD16 --abi=eabi -me --include_path="C:/Program Files (x86)/ccsv6/tools/compiler/arm_5.1.6/include" --include_path="C:/ti/TivaWare_C_Series-2.1.1.71" -g --gcc --define=ccs="ccs" --define=PART_TM4C123GH6PM --display_error_number --diag_warning=225 --diag_wrap=off --preproc_with_compile --preproc_dependency="tm4c123gh6pm_startup_ccs.pp"  "../tm4c123gh6pm_startup_ccs.c"
"../tm4c123gh6pm_startup_ccs.c", line 92: warning #145-D: a value of type "int (*)(void)" cannot be used to initialize an entity of type "void (*const)(void)"
'Finished building: ../tm4c123gh6pm_startup_ccs.c'
' '
'Building file: ../utils/uartstdio.c'
'Invoking: ARM Compiler'
"C:/Program Files (x86)/ccsv6/tools/compiler/arm_5.1.6/bin/armcl" -mv7M4 --code_state=16 --float_support=FPv4SPD16 --abi=eabi -me --include_path="C:/Program Files (x86)/ccsv6/tools/compiler/arm_5.1.6/include" --include_path="C:/ti/TivaWare_C_Series-2.1.1.71" -g --gcc --define=ccs="ccs" --define=PART_TM4C123GH6PM --display_error_number --diag_warning=225 --diag_wrap=off --preproc_with_compile --preproc_dependency="utils/uartstdio.pp" --obj_directory="utils"  "../utils/uartstdio.c"
'Finished building: ../utils/uartstdio.c'
' '
'Building target: UART1_module.out'
'Invoking: ARM Linker'
"C:/Program Files (x86)/ccsv6/tools/compiler/arm_5.1.6/bin/armcl" -mv7M4 --code_state=16 --float_support=FPv4SPD16 --abi=eabi -me -g --gcc --define=ccs="ccs" --define=PART_TM4C123GH6PM --display_error_number --diag_warning=225 --diag_wrap=off -z -m"UART1_module.map" --heap_size=0 --stack_size=512 -i"C:/Program Files (x86)/ccsv6/tools/compiler/arm_5.1.6/lib" -i"C:/Program Files (x86)/ccsv6/tools/compiler/arm_5.1.6/include" --reread_libs --warn_sections --display_error_number --diag_wrap=off --xml_link_info="UART1_module_linkInfo.xml" --rom_model -o "UART1_module.out"  "./main.obj" "./tm4c123gh6pm_startup_ccs.obj" "./utils/uartstdio.obj" "C:/ti/TivaWare_C_Series-2.1.1.71/driverlib/ccs/Debug/driverlib.lib" "../tm4c123gh6pm.cmd" -l"libc.a" 
<Linking>
'Finished building target: UART1_module.out'
' '

**** Build Finished ****

**** Build of configuration Debug for project UART1_module ****

"C:\\Program Files (x86)\\ccsv6\\utils\\bin\\gmake" -k all 
gmake: Nothing to be done for `all'.

**** Build Finished ****

**** Build of configuration Debug for project I2C_slave_write ****

"C:\\Program Files (x86)\\ccsv6\\utils\\bin\\gmake" -k all 
'Building file: ../main.c'
'Invoking: ARM Compiler'
"C:/Program Files (x86)/ccsv6/tools/compiler/arm_5.1.6/bin/armcl" -mv7M4 --code_state=16 --float_support=FPv4SPD16 --abi=eabi -me --include_path="C:/Program Files (x86)/ccsv6/tools/compiler/arm_5.1.6/include" --include_path="C:/ti/TivaWare_C_Series-2.1.1.71" -g --gcc --define=ccs="ccs" --define=PART_TM4C123GH6PM --display_error_number --diag_warning=225 --diag_wrap=off --preproc_with_compile --preproc_dependency="main.pp"  "../main.c"
"../main.c", line 83: warning #112-D: statement is unreachable
'Finished building: ../main.c'
' '
'Building target: I2C_slave_write.out'
'Invoking: ARM Linker'
"C:/Program Files (x86)/ccsv6/tools/compiler/arm_5.1.6/bin/armcl" -mv7M4 --code_state=16 --float_support=FPv4SPD16 --abi=eabi -me -g --gcc --define=ccs="ccs" --define=PART_TM4C123GH6PM --display_error_number --diag_warning=225 --diag_wrap=off -z -m"I2C_slave_write.map" --heap_size=0 --stack_size=512 -i"C:/Program Files (x86)/ccsv6/tools/compiler/arm_5.1.6/lib" -i"C:/Program Files (x86)/ccsv6/tools/compiler/arm_5.1.6/include" --reread_libs --warn_sections --display_error_number --diag_wrap=off --xml_link_info="I2C_slave_write_linkInfo.xml" --rom_model -o "I2C_slave_write.out"  "./main.obj" "./tm4c123gh6pm_startup_ccs.obj" "C:/ti/TivaWare_C_Series-2.1.1.71/driverlib/ccs/Debug/driverlib.lib" "../tm4c123gh6pm.cmd" -l"libc.a" 
<Linking>
'Finished building target: I2C_slave_write.out'
' '

**** Build Finished ****
